# JRE version: Java(TM) SE Runtime Environment (24.0.2+12) (build 24.0.2+12-54)
# Java VM: Java HotSpot(TM) 64-Bit Server VM (24.0.2+12-54, mixed mode, sharing, tiered, compressed oops, compressed class ptrs, g1 gc, windows-amd64)
GC Precious Log:
 CardTable entry size: 512
 Card Set container configuration: InlinePtr #cards 5 size 8 Array Of Cards #cards 10 size 36 Howl #buckets 4 coarsen threshold 1843 Howl Bitmap #cards 512 size 80 coarsen threshold 460 Card regions per heap region 1 cards per card region 2048
 CPUs: 8 total, 8 available
 Memory: 7965M
 Large Page Support: Disabled
 NUMA Support: Disabled
 Compressed Oops: Enabled (32-bit)
 Heap Region Size: 1M
 Heap Min Capacity: 8M
 Heap Initial Capacity: 126M
 Heap Max Capacity: 1992M
 Pre-touch: Disabled
 Parallel Workers: 8
 Concurrent Workers: 2
 Concurrent Refinement Workers: 8
 Periodic GC: Disabled
Heap:
 garbage-first heap   total reserved 2039808K, committed 64512K, used 36137K [0x0000000083800000, 0x0000000100000000)
  region size 1024K, 10 young (10240K), 1 survivors (1024K)
 Metaspace       used 61934K, committed 62464K, reserved 1114112K
  class space    used 6592K, committed 6848K, reserved 1048576K
GC Heap History (18 events):
Event: 2.394 GC heap before
{Heap before GC invocations=0 (full 0):
 garbage-first heap   total reserved 2039808K, committed 131072K, used 51316K [0x0000000083800000, 0x0000000100000000)
  region size 1024K, 47 young (48128K), 0 survivors (0K)
 Metaspace       used 12943K, committed 13248K, reserved 1114112K
  class space    used 1286K, committed 1408K, reserved 1048576K
}
Event: 2.407 GC heap after
{Heap after GC invocations=1 (full 0):
 garbage-first heap   total reserved 2039808K, committed 131072K, used 10293K [0x0000000083800000, 0x0000000100000000)
  region size 1024K, 6 young (6144K), 6 survivors (6144K)
 Metaspace       used 12943K, committed 13248K, reserved 1114112K
  class space    used 1286K, committed 1408K, reserved 1048576K
}
Event: 3.876 GC heap before
{Heap before GC invocations=1 (full 0):
 garbage-first heap   total reserved 2039808K, committed 131072K, used 49205K [0x0000000083800000, 0x0000000100000000)
  region size 1024K, 45 young (46080K), 6 survivors (6144K)
 Metaspace       used 21233K, committed 21504K, reserved 1114112K
  class space    used 2078K, committed 2240K, reserved 1048576K
}
Event: 3.895 GC heap after
{Heap after GC invocations=2 (full 0):
 garbage-first heap   total reserved 2039808K, committed 131072K, used 15476K [0x0000000083800000, 0x0000000100000000)
  region size 1024K, 5 young (5120K), 5 survivors (5120K)
 Metaspace       used 21233K, committed 21504K, reserved 1114112K
  class space    used 2078K, committed 2240K, reserved 1048576K
}
Event: 5.750 GC heap before
{Heap before GC invocations=3 (full 0):
 garbage-first heap   total reserved 2039808K, committed 55296K, used 54388K [0x0000000083800000, 0x0000000100000000)
  region size 1024K, 43 young (44032K), 5 survivors (5120K)
 Metaspace       used 28285K, committed 28608K, reserved 1114112K
  class space    used 2893K, committed 3008K, reserved 1048576K
}
Event: 5.782 GC heap after
{Heap after GC invocations=4 (full 0):
 garbage-first heap   total reserved 2039808K, committed 64512K, used 19235K [0x0000000083800000, 0x0000000100000000)
  region size 1024K, 4 young (4096K), 4 survivors (4096K)
 Metaspace       used 28285K, committed 28608K, reserved 1114112K
  class space    used 2893K, committed 3008K, reserved 1048576K
}
Event: 7.388 GC heap before
{Heap before GC invocations=4 (full 0):
 garbage-first heap   total reserved 2039808K, committed 64512K, used 45859K [0x0000000083800000, 0x0000000100000000)
  region size 1024K, 30 young (30720K), 4 survivors (4096K)
 Metaspace       used 34673K, committed 35072K, reserved 1114112K
  class space    used 3593K, committed 3776K, reserved 1048576K
}
Event: 7.397 GC heap after
{Heap after GC invocations=5 (full 0):
 garbage-first heap   total reserved 2039808K, committed 64512K, used 21013K [0x0000000083800000, 0x0000000100000000)
  region size 1024K, 3 young (3072K), 3 survivors (3072K)
 Metaspace       used 34673K, committed 35072K, reserved 1114112K
  class space    used 3593K, committed 3776K, reserved 1048576K
}
Event: 7.676 GC heap before
{Heap before GC invocations=5 (full 0):
 garbage-first heap   total reserved 2039808K, committed 64512K, used 24085K [0x0000000083800000, 0x0000000100000000)
  region size 1024K, 7 young (7168K), 3 survivors (3072K)
 Metaspace       used 35505K, committed 35968K, reserved 1114112K
  class space    used 3727K, committed 3904K, reserved 1048576K
}
Event: 7.682 GC heap after
{Heap after GC invocations=6 (full 0):
 garbage-first heap   total reserved 2039808K, committed 64512K, used 21313K [0x0000000083800000, 0x0000000100000000)
  region size 1024K, 3 young (3072K), 3 survivors (3072K)
 Metaspace       used 35505K, committed 35968K, reserved 1114112K
  class space    used 3727K, committed 3904K, reserved 1048576K
}
Event: 10.663 GC heap before
{Heap before GC invocations=7 (full 0):
 garbage-first heap   total reserved 2039808K, committed 64512K, used 47937K [0x0000000083800000, 0x0000000100000000)
  region size 1024K, 30 young (30720K), 3 survivors (3072K)
 Metaspace       used 46697K, committed 47168K, reserved 1114112K
  class space    used 4884K, committed 5120K, reserved 1048576K
}
Event: 10.673 GC heap after
{Heap after GC invocations=8 (full 0):
 garbage-first heap   total reserved 2039808K, committed 64512K, used 24204K [0x0000000083800000, 0x0000000100000000)
  region size 1024K, 4 young (4096K), 4 survivors (4096K)
 Metaspace       used 46697K, committed 47168K, reserved 1114112K
  class space    used 4884K, committed 5120K, reserved 1048576K
}
Event: 12.301 GC heap before
{Heap before GC invocations=8 (full 0):
 garbage-first heap   total reserved 2039808K, committed 64512K, used 49804K [0x0000000083800000, 0x0000000100000000)
  region size 1024K, 30 young (30720K), 4 survivors (4096K)
 Metaspace       used 54545K, committed 55040K, reserved 1114112K
  class space    used 5672K, committed 5888K, reserved 1048576K
}
Event: 12.311 GC heap after
{Heap after GC invocations=9 (full 0):
 garbage-first heap   total reserved 2039808K, committed 64512K, used 25950K [0x0000000083800000, 0x0000000100000000)
  region size 1024K, 2 young (2048K), 2 survivors (2048K)
 Metaspace       used 54545K, committed 55040K, reserved 1114112K
  class space    used 5672K, committed 5888K, reserved 1048576K
}
Event: 13.548 GC heap before
{Heap before GC invocations=9 (full 0):
 garbage-first heap   total reserved 2039808K, committed 64512K, used 52574K [0x0000000083800000, 0x0000000100000000)
  region size 1024K, 29 young (29696K), 2 survivors (2048K)
 Metaspace       used 58689K, committed 59200K, reserved 1114112K
  class space    used 6246K, committed 6464K, reserved 1048576K
}
Event: 13.556 GC heap after
{Heap after GC invocations=10 (full 0):
 garbage-first heap   total reserved 2039808K, committed 64512K, used 28320K [0x0000000083800000, 0x0000000100000000)
  region size 1024K, 4 young (4096K), 4 survivors (4096K)
 Metaspace       used 58689K, committed 59200K, reserved 1114112K
  class space    used 6246K, committed 6464K, reserved 1048576K
}
Event: 80.283 GC heap before
{Heap before GC invocations=10 (full 0):
 garbage-first heap   total reserved 2039808K, committed 64512K, used 31392K [0x0000000083800000, 0x0000000100000000)
  region size 1024K, 8 young (8192K), 4 survivors (4096K)
 Metaspace       used 59750K, committed 60160K, reserved 1114112K
  class space    used 6360K, committed 6528K, reserved 1048576K
}
Event: 80.290 GC heap after
{Heap after GC invocations=11 (full 0):
 garbage-first heap   total reserved 2039808K, committed 64512K, used 28969K [0x0000000083800000, 0x0000000100000000)
  region size 1024K, 1 young (1024K), 1 survivors (1024K)
 Metaspace       used 59750K, committed 60160K, reserved 1114112K
  class space    used 6360K, committed 6528K, reserved 1048576K
}

